<?xml version="1.0" encoding="UTF-8"?>
<testng-results ignored="0" total="1" passed="1" failed="0" skipped="0">
  <reporter-output>
  </reporter-output>
  <suite started-at="2021-05-24T14:19:46 WAT" name="MobiTest.MobiquityTest" finished-at="2021-05-24T14:19:55 WAT" duration-ms="8725">
    <groups>
    </groups>
    <test started-at="2021-05-24T14:19:46 WAT" name="Command line test" finished-at="2021-05-24T14:19:55 WAT" duration-ms="8725">
      <class name="MobiTest.MobiquityTest">
        <test-method is-config="true" signature="url()[pri:0, instance:MobiTest.MobiquityTest@436813f3]" started-at="2021-05-24T14:19:45 WAT" name="url" finished-at="2021-05-24T14:19:46 WAT" duration-ms="1586" status="PASS">
          <reporter-output>
          </reporter-output>
        </test-method> <!-- url -->
        <test-method signature="searchForUser()[pri:0, instance:MobiTest.MobiquityTest@436813f3]" started-at="2021-05-24T14:19:46 WAT" name="searchForUser" finished-at="2021-05-24T14:19:55 WAT" duration-ms="8666" status="PASS">
          <reporter-output>
          </reporter-output>
        </test-method> <!-- searchForUser -->
      </class> <!-- MobiTest.MobiquityTest -->
    </test> <!-- Command line test -->
  </suite> <!-- MobiTest.MobiquityTest -->
</testng-results>
