<?xml version="1.0" encoding="UTF-8"?>
<testng-results ignored="0" total="0" passed="0" failed="0" skipped="0">
  <reporter-output>
  </reporter-output>
  <suite started-at="2021-05-24T13:53:51 WAT" name="MobiTest.MobiquityTest" finished-at="2021-05-24T13:53:51 WAT" duration-ms="10">
    <groups>
    </groups>
    <test started-at="2021-05-24T13:53:51 WAT" name="Command line test" finished-at="2021-05-24T13:53:51 WAT" duration-ms="10">
      <class name="MobiTest.MobiquityTest">
        <test-method is-config="true" signature="url()[pri:0, instance:MobiTest.MobiquityTest@38c6f217]" started-at="2021-05-24T13:53:50 WAT" name="url" finished-at="2021-05-24T13:53:51 WAT" duration-ms="1056" status="PASS">
          <reporter-output>
          </reporter-output>
        </test-method> <!-- url -->
      </class> <!-- MobiTest.MobiquityTest -->
    </test> <!-- Command line test -->
  </suite> <!-- MobiTest.MobiquityTest -->
</testng-results>
